<?xml version="1.0" encoding="UTF-8"?>
<testng-results skipped="0" failed="0" ignored="0" total="1" passed="1">
  <reporter-output>
  </reporter-output>
  <suite name="Default suite" duration-ms="677" started-at="2022-10-23T15:10:50 IST" finished-at="2022-10-23T15:10:50 IST">
    <groups>
    </groups>
    <test name="Default test" duration-ms="677" started-at="2022-10-23T15:10:50 IST" finished-at="2022-10-23T15:10:50 IST">
      <class name="mySQLServerConnectivity.SelectQueryTestClass">
        <test-method status="PASS" signature="f()[pri:0, instance:mySQLServerConnectivity.SelectQueryTestClass@67205a84]" name="f" duration-ms="651" started-at="2022-10-23T15:10:50 IST" finished-at="2022-10-23T15:10:50 IST">
          <reporter-output>
          </reporter-output>
        </test-method> <!-- f -->
      </class> <!-- mySQLServerConnectivity.SelectQueryTestClass -->
    </test> <!-- Default test -->
  </suite> <!-- Default suite -->
</testng-results>
